<?xml version="1.0" encoding="UTF-8"?>
<!-- Generated by org.testng.reporters.JUnitReportReporter -->
<testsuite hostname="DESKTOP-PAS2TGA" failures="0" tests="1" name="Module1.FirstTest" time="74.305" errors="0" timestamp="30 Sep 2021 13:44:11 GMT" skipped="0">
  <testcase classname="Module1.FirstTest" name="contact" time="74.305"/>
</testsuite> <!-- Module1.FirstTest -->
