<?xml version="1.0" encoding="UTF-8"?>
<!-- Generated by org.testng.reporters.JUnitReportReporter -->
<testsuite hostname="DESKTOP-PAS2TGA" failures="0" tests="1" name="Module1.Hometest" time="14.360" errors="0" timestamp="2021-10-13T22:34:16 IST" skipped="0">
  <testcase classname="Module1.Hometest" name="editdetails" time="14.360"/>
  <system-out/>
</testsuite> <!-- Module1.Hometest -->
