<?xml version="1.0" encoding="UTF-8"?>
<!-- Generated by org.testng.reporters.JUnitReportReporter -->
<testsuite hostname="DESKTOP-PAS2TGA" failures="0" tests="1" name="Executiontest.Logintest" time="11.351" errors="0" timestamp="2023-09-28T01:14:34 IST" skipped="0">
  <testcase classname="Executiontest.Logintest" name="DemoTest" time="11.351"/>
  <system-out/>
</testsuite> <!-- Executiontest.Logintest -->
